{"E:\\projects\\git\\map-nfc\\App.tsx": {"path":"E:\\projects\\git\\map-nfc\\App.tsx","statementMap":{"0":{"start":{"line":6,"column":0},"end":{"line":6,"column":24}},"1":{"start":{"line":1,"column":0},"end":{"line":1,"column":44}},"2":{"start":{"line":2,"column":0},"end":{"line":2,"column":26}},"3":{"start":{"line":3,"column":0},"end":{"line":3,"column":48}},"4":{"start":{"line":4,"column":0},"end":{"line":4,"column":35}},"5":{"start":{"line":7,"column":2},"end":{"line":12,"column":4}},"6":{"start":{"line":15,"column":15},"end":{"line":22,"column":2}}},"fnMap":{"0":{"name":"App","decl":{"start":{"line":6,"column":24},"end":{"line":6,"column":27}},"loc":{"start":{"line":6,"column":27},"end":{"line":13,"column":1}}}},"branchMap":{},"s":{"0":0,"1":0,"2":0,"3":0,"4":0,"5":0,"6":0},"f":{"0":0},"b":{}}
,"E:\\projects\\git\\map-nfc\\jest.config.js": {"path":"E:\\projects\\git\\map-nfc\\jest.config.js","statementMap":{"0":{"start":{"line":2,"column":0},"end":{"line":23,"column":2}}},"fnMap":{},"branchMap":{},"s":{"0":0},"f":{},"b":{}}
,"E:\\projects\\git\\map-nfc\\api\\recommendation.ts": {"path":"E:\\projects\\git\\map-nfc\\api\\recommendation.ts","statementMap":{"0":{"start":{"line":1,"column":0},"end":{"line":1,"column":77}},"1":{"start":{"line":4,"column":34},"end":{"line":16,"column":2}},"2":{"start":{"line":4,"column":73},"end":{"line":16,"column":2}},"3":{"start":{"line":5,"column":2},"end":{"line":5,"column":21}},"4":{"start":{"line":6,"column":2},"end":{"line":15,"column":3}},"5":{"start":{"line":12,"column":4},"end":{"line":12,"column":34}},"6":{"start":{"line":14,"column":4},"end":{"line":14,"column":25}},"7":{"start":{"line":4,"column":13},"end":{"line":4,"column":34}}},"fnMap":{"0":{"name":"(anonymous_7)","decl":{"start":{"line":4,"column":34},"end":{"line":4,"column":41}},"loc":{"start":{"line":4,"column":73},"end":{"line":16,"column":2}}},"1":{"name":"(anonymous_8)","decl":{"start":{"line":4,"column":73},"end":{"line":4,"column":null}},"loc":{"start":{"line":4,"column":73},"end":{"line":16,"column":1}}}},"branchMap":{},"s":{"0":1,"1":1,"2":0,"3":0,"4":0,"5":0,"6":0,"7":1},"f":{"0":0,"1":0},"b":{}}
,"E:\\projects\\git\\map-nfc\\app\\+html.tsx": {"path":"E:\\projects\\git\\map-nfc\\app\\+html.tsx","statementMap":{"0":{"start":{"line":8,"column":0},"end":{"line":8,"column":24}},"1":{"start":{"line":1,"column":0},"end":{"line":1,"column":26}},"2":{"start":{"line":2,"column":0},"end":{"line":2,"column":56}},"3":{"start":{"line":9,"column":2},"end":{"line":31,"column":4}},"4":{"start":{"line":34,"column":29},"end":{"line":42,"column":3}}},"fnMap":{"0":{"name":"Root","decl":{"start":{"line":8,"column":24},"end":{"line":8,"column":28}},"loc":{"start":{"line":8,"column":72},"end":{"line":32,"column":1}}}},"branchMap":{},"s":{"0":0,"1":0,"2":0,"3":0,"4":0},"f":{"0":0},"b":{}}
,"E:\\projects\\git\\map-nfc\\app\\_layout.tsx": {"path":"E:\\projects\\git\\map-nfc\\app\\_layout.tsx","statementMap":{"0":{"start":{"line":28,"column":0},"end":{"line":28,"column":24}},"1":{"start":{"line":1,"column":0},"end":{"line":1,"column":26}},"2":{"start":{"line":2,"column":0},"end":{"line":2,"column":57}},"3":{"start":{"line":3,"column":0},"end":{"line":3,"column":null}},"4":{"start":{"line":8,"column":0},"end":{"line":8,"column":37}},"5":{"start":{"line":9,"column":0},"end":{"line":9,"column":36}},"6":{"start":{"line":10,"column":0},"end":{"line":10,"column":51}},"7":{"start":{"line":11,"column":0},"end":{"line":11,"column":34}},"8":{"start":{"line":12,"column":0},"end":{"line":12,"column":33}},"9":{"start":{"line":13,"column":0},"end":{"line":13,"column":66}},"10":{"start":{"line":15,"column":0},"end":{"line":15,"column":null}},"11":{"start":{"line":17,"column":2},"end":{"line":17,"column":null}},"12":{"start":{"line":20,"column":13},"end":{"line":23,"column":2}},"13":{"start":{"line":26,"column":0},"end":{"line":26,"column":36}},"14":{"start":{"line":29,"column":26},"end":{"line":31,"column":null}},"15":{"start":{"line":35,"column":2},"end":{"line":37,"column":14}},"16":{"start":{"line":36,"column":4},"end":{"line":36,"column":27}},"17":{"start":{"line":36,"column":15},"end":{"line":36,"column":27}},"18":{"start":{"line":39,"column":2},"end":{"line":43,"column":15}},"19":{"start":{"line":40,"column":4},"end":{"line":42,"column":5}},"20":{"start":{"line":41,"column":6},"end":{"line":41,"column":31}},"21":{"start":{"line":45,"column":2},"end":{"line":47,"column":3}},"22":{"start":{"line":46,"column":4},"end":{"line":46,"column":16}},"23":{"start":{"line":49,"column":2},"end":{"line":49,"column":27}},"24":{"start":{"line":53,"column":22},"end":{"line":53,"column":38}},"25":{"start":{"line":55,"column":2},"end":{"line":62,"column":4}}},"fnMap":{"0":{"name":"(anonymous_7)","decl":{"start":{"line":17,"column":2},"end":{"line":17,"column":15}},"loc":{"start":{"line":17,"column":2},"end":{"line":17,"column":null}}},"1":{"name":"RootLayout","decl":{"start":{"line":28,"column":24},"end":{"line":28,"column":34}},"loc":{"start":{"line":28,"column":34},"end":{"line":50,"column":1}}},"2":{"name":"(anonymous_9)","decl":{"start":{"line":35,"column":12},"end":{"line":35,"column":15}},"loc":{"start":{"line":35,"column":17},"end":{"line":37,"column":3}}},"3":{"name":"(anonymous_10)","decl":{"start":{"line":39,"column":12},"end":{"line":39,"column":15}},"loc":{"start":{"line":39,"column":17},"end":{"line":43,"column":3}}},"4":{"name":"RootLayoutNav","decl":{"start":{"line":52,"column":9},"end":{"line":52,"column":22}},"loc":{"start":{"line":52,"column":22},"end":{"line":63,"column":1}}}},"branchMap":{"0":{"loc":{"start":{"line":36,"column":4},"end":{"line":36,"column":27}},"type":"if","locations":[{"start":{"line":36,"column":4},"end":{"line":36,"column":27}}]},"1":{"loc":{"start":{"line":40,"column":4},"end":{"line":42,"column":5}},"type":"if","locations":[{"start":{"line":40,"column":4},"end":{"line":42,"column":5}}]},"2":{"loc":{"start":{"line":45,"column":2},"end":{"line":47,"column":3}},"type":"if","locations":[{"start":{"line":45,"column":2},"end":{"line":47,"column":3}}]},"3":{"loc":{"start":{"line":56,"column":26},"end":{"line":56,"column":75}},"type":"cond-expr","locations":[{"start":{"line":56,"column":51},"end":{"line":56,"column":60}},{"start":{"line":56,"column":63},"end":{"line":56,"column":75}}]}},"s":{"0":0,"1":0,"2":0,"3":0,"4":0,"5":0,"6":0,"7":0,"8":0,"9":0,"10":0,"11":0,"12":0,"13":0,"14":0,"15":0,"16":0,"17":0,"18":0,"19":0,"20":0,"21":0,"22":0,"23":0,"24":0,"25":0},"f":{"0":0,"1":0,"2":0,"3":0,"4":0},"b":{"0":[0],"1":[0],"2":[0],"3":[0,0]}}
,"E:\\projects\\git\\map-nfc\\app\\modal.tsx": {"path":"E:\\projects\\git\\map-nfc\\app\\modal.tsx","statementMap":{"0":{"start":{"line":5,"column":0},"end":{"line":5,"column":24}},"1":{"start":{"line":1,"column":0},"end":{"line":1,"column":26}},"2":{"start":{"line":2,"column":0},"end":{"line":2,"column":44}},"3":{"start":{"line":3,"column":0},"end":{"line":3,"column":64}},"4":{"start":{"line":6,"column":2},"end":{"line":14,"column":4}},"5":{"start":{"line":17,"column":15},"end":{"line":32,"column":2}}},"fnMap":{"0":{"name":"ModalScreen","decl":{"start":{"line":5,"column":24},"end":{"line":5,"column":35}},"loc":{"start":{"line":5,"column":35},"end":{"line":15,"column":1}}}},"branchMap":{"0":{"loc":{"start":{"line":12,"column":24},"end":{"line":12,"column":64}},"type":"cond-expr","locations":[{"start":{"line":12,"column":48},"end":{"line":12,"column":55}},{"start":{"line":12,"column":58},"end":{"line":12,"column":64}}]}},"s":{"0":0,"1":0,"2":0,"3":0,"4":0,"5":0},"f":{"0":0},"b":{"0":[0,0]}}
,"E:\\projects\\git\\map-nfc\\app\\(tabs)\\index.tsx": {"path":"E:\\projects\\git\\map-nfc\\app\\(tabs)\\index.tsx","statementMap":{"0":{"start":{"line":5,"column":0},"end":{"line":5,"column":24}},"1":{"start":{"line":1,"column":0},"end":{"line":1,"column":26}},"2":{"start":{"line":2,"column":0},"end":{"line":2,"column":48}},"3":{"start":{"line":3,"column":0},"end":{"line":3,"column":39}},"4":{"start":{"line":6,"column":2},"end":{"line":10,"column":4}},"5":{"start":{"line":13,"column":15},"end":{"line":20,"column":2}}},"fnMap":{"0":{"name":"App","decl":{"start":{"line":5,"column":24},"end":{"line":5,"column":27}},"loc":{"start":{"line":5,"column":27},"end":{"line":11,"column":1}}}},"branchMap":{},"s":{"0":0,"1":0,"2":0,"3":0,"4":0,"5":0},"f":{"0":0},"b":{}}
,"E:\\projects\\git\\map-nfc\\components\\EmptyState.tsx": {"path":"E:\\projects\\git\\map-nfc\\components\\EmptyState.tsx","statementMap":{"0":{"start":{"line":1,"column":0},"end":{"line":1,"column":26}},"1":{"start":{"line":2,"column":0},"end":{"line":2,"column":42}},"2":{"start":{"line":8,"column":47},"end":{"line":14,"column":1}},"3":{"start":{"line":9,"column":2},"end":{"line":13,"column":4}},"4":{"start":{"line":16,"column":0},"end":{"line":16,"column":26}}},"fnMap":{"0":{"name":"(anonymous_1)","decl":{"start":{"line":8,"column":47},"end":{"line":8,"column":48}},"loc":{"start":{"line":8,"column":61},"end":{"line":14,"column":1}}}},"branchMap":{},"s":{"0":1,"1":1,"2":1,"3":2,"4":1},"f":{"0":2},"b":{}}
,"E:\\projects\\git\\map-nfc\\components\\Nfc.tsx": {"path":"E:\\projects\\git\\map-nfc\\components\\Nfc.tsx","statementMap":{"0":{"start":{"line":1,"column":0},"end":{"line":1,"column":37}},"1":{"start":{"line":2,"column":0},"end":{"line":2,"column":51}},"2":{"start":{"line":3,"column":0},"end":{"line":3,"column":72}},"3":{"start":{"line":4,"column":0},"end":{"line":4,"column":63}},"4":{"start":{"line":5,"column":0},"end":{"line":5,"column":67}},"5":{"start":{"line":8,"column":0},"end":{"line":8,"column":19}},"6":{"start":{"line":11,"column":26},"end":{"line":11,"column":41}},"7":{"start":{"line":14,"column":4},"end":{"line":28,"column":5}},"8":{"start":{"line":15,"column":6},"end":{"line":15,"column":20}},"9":{"start":{"line":17,"column":6},"end":{"line":17,"column":55}},"10":{"start":{"line":19,"column":18},"end":{"line":19,"column":43}},"11":{"start":{"line":20,"column":6},"end":{"line":20,"column":37}},"12":{"start":{"line":21,"column":6},"end":{"line":21,"column":26}},"13":{"start":{"line":23,"column":6},"end":{"line":23,"column":32}},"14":{"start":{"line":26,"column":6},"end":{"line":26,"column":43}},"15":{"start":{"line":27,"column":6},"end":{"line":27,"column":21}},"16":{"start":{"line":31,"column":2},"end":{"line":45,"column":9}},"17":{"start":{"line":32,"column":4},"end":{"line":44,"column":9}},"18":{"start":{"line":40,"column":8},"end":{"line":40,"column":40}},"19":{"start":{"line":43,"column":8},"end":{"line":43,"column":27}},"20":{"start":{"line":47,"column":2},"end":{"line":53,"column":4}},"21":{"start":{"line":56,"column":15},"end":{"line":62,"column":2}},"22":{"start":{"line":64,"column":0},"end":{"line":64,"column":19}}},"fnMap":{"0":{"name":"Nfc","decl":{"start":{"line":10,"column":9},"end":{"line":10,"column":12}},"loc":{"start":{"line":10,"column":12},"end":{"line":54,"column":1}}},"1":{"name":"readNdef","decl":{"start":{"line":13,"column":17},"end":{"line":13,"column":25}},"loc":{"start":{"line":13,"column":25},"end":{"line":29,"column":null}}},"2":{"name":"(anonymous_17)","decl":{"start":{"line":31,"column":12},"end":{"line":31,"column":15}},"loc":{"start":{"line":31,"column":17},"end":{"line":45,"column":3}}},"3":{"name":"(anonymous_18)","decl":{"start":{"line":39,"column":12},"end":{"line":39,"column":13}},"loc":{"start":{"line":39,"column":34},"end":{"line":41,"column":7}}},"4":{"name":"(anonymous_19)","decl":{"start":{"line":42,"column":13},"end":{"line":42,"column":14}},"loc":{"start":{"line":42,"column":23},"end":{"line":44,"column":7}}}},"branchMap":{"0":{"loc":{"start":{"line":50,"column":15},"end":{"line":50,"column":50}},"type":"cond-expr","locations":[{"start":{"line":50,"column":22},"end":{"line":50,"column":35}},{"start":{"line":50,"column":38},"end":{"line":50,"column":50}}]}},"s":{"0":1,"1":1,"2":1,"3":1,"4":1,"5":1,"6":8,"7":2,"8":2,"9":2,"10":1,"11":1,"12":1,"13":1,"14":2,"15":2,"16":8,"17":4,"18":4,"19":0,"20":8,"21":1,"22":1},"f":{"0":8,"1":2,"2":4,"3":4,"4":0},"b":{"0":[2,6]}}
,"E:\\projects\\git\\map-nfc\\components\\RouteCard.tsx": {"path":"E:\\projects\\git\\map-nfc\\components\\RouteCard.tsx","statementMap":{"0":{"start":{"line":1,"column":0},"end":{"line":1,"column":26}},"1":{"start":{"line":2,"column":0},"end":{"line":2,"column":60}},"2":{"start":{"line":3,"column":0},"end":{"line":3,"column":41}},"3":{"start":{"line":6,"column":17},"end":{"line":6,"column":52}},"4":{"start":{"line":15,"column":45},"end":{"line":46,"column":1}},"5":{"start":{"line":21,"column":2},"end":{"line":45,"column":4}},"6":{"start":{"line":48,"column":0},"end":{"line":48,"column":25}}},"fnMap":{"0":{"name":"(anonymous_1)","decl":{"start":{"line":15,"column":45},"end":{"line":15,"column":46}},"loc":{"start":{"line":20,"column":5},"end":{"line":46,"column":1}}}},"branchMap":{"0":{"loc":{"start":{"line":26,"column":8},"end":{"line":26,"column":39}},"type":"binary-expr","locations":[{"start":{"line":26,"column":8},"end":{"line":26,"column":16}},{"start":{"line":26,"column":20},"end":{"line":26,"column":39}}]}},"s":{"0":1,"1":1,"2":1,"3":1,"4":1,"5":4,"6":1},"f":{"0":4},"b":{"0":[4,1]}}
,"E:\\projects\\git\\map-nfc\\components\\RoutesHeader.tsx": {"path":"E:\\projects\\git\\map-nfc\\components\\RoutesHeader.tsx","statementMap":{"0":{"start":{"line":1,"column":0},"end":{"line":1,"column":42}},"1":{"start":{"line":2,"column":0},"end":{"line":2,"column":26}},"2":{"start":{"line":3,"column":0},"end":{"line":3,"column":40}},"3":{"start":{"line":4,"column":0},"end":{"line":4,"column":66}},"4":{"start":{"line":6,"column":21},"end":{"line":30,"column":1}},"5":{"start":{"line":7,"column":53},"end":{"line":7,"column":77}},"6":{"start":{"line":9,"column":2},"end":{"line":29,"column":4}},"7":{"start":{"line":15,"column":10},"end":{"line":24,"column":14}},"8":{"start":{"line":16,"column":12},"end":{"line":16,"column":51}},"9":{"start":{"line":18,"column":12},"end":{"line":24,"column":14}},"10":{"start":{"line":20,"column":16},"end":{"line":22,"column":54}},"11":{"start":{"line":32,"column":0},"end":{"line":32,"column":28}}},"fnMap":{"0":{"name":"(anonymous_1)","decl":{"start":{"line":6,"column":21},"end":{"line":6,"column":24}},"loc":{"start":{"line":6,"column":26},"end":{"line":30,"column":1}}},"1":{"name":"(anonymous_2)","decl":{"start":{"line":14,"column":18},"end":{"line":14,"column":19}},"loc":{"start":{"line":14,"column":28},"end":{"line":25,"column":9}}},"2":{"name":"(anonymous_3)","decl":{"start":{"line":19,"column":41},"end":{"line":19,"column":42}},"loc":{"start":{"line":20,"column":16},"end":{"line":22,"column":54}}}},"branchMap":{"0":{"loc":{"start":{"line":15,"column":10},"end":{"line":24,"column":14}},"type":"if","locations":[{"start":{"line":15,"column":10},"end":{"line":24,"column":14}},{"start":{"line":18,"column":12},"end":{"line":24,"column":14}}]},"1":{"loc":{"start":{"line":19,"column":14},"end":{"line":22,"column":null}},"type":"cond-expr","locations":[{"start":{"line":19,"column":32},"end":{"line":19,"column":34}},{"start":{"line":19,"column":14},"end":{"line":22,"column":null}}]},"2":{"loc":{"start":{"line":19,"column":14},"end":{"line":19,"column":34}},"type":"binary-expr","locations":[{"start":{"line":19,"column":14},"end":{"line":19,"column":34}},{"start":{"line":19,"column":14},"end":{"line":19,"column":34}}]}},"s":{"0":1,"1":1,"2":1,"3":1,"4":1,"5":3,"6":3,"7":2,"8":1,"9":1,"10":3,"11":1},"f":{"0":3,"1":2,"2":3},"b":{"0":[1,1],"1":[0,1],"2":[1,1]}}
,"E:\\projects\\git\\map-nfc\\components\\SearchInput.tsx": {"path":"E:\\projects\\git\\map-nfc\\components\\SearchInput.tsx","statementMap":{"0":{"start":{"line":1,"column":0},"end":{"line":1,"column":49}},"1":{"start":{"line":2,"column":0},"end":{"line":2,"column":40}},"2":{"start":{"line":3,"column":0},"end":{"line":3,"column":65}},"3":{"start":{"line":4,"column":0},"end":{"line":4,"column":41}},"4":{"start":{"line":13,"column":49},"end":{"line":48,"column":1}},"5":{"start":{"line":19,"column":28},"end":{"line":19,"column":56}},"6":{"start":{"line":21,"column":2},"end":{"line":47,"column":4}},"7":{"start":{"line":30,"column":10},"end":{"line":30,"column":26}},"8":{"start":{"line":41,"column":29},"end":{"line":41,"column":40}},"9":{"start":{"line":43,"column":10},"end":{"line":43,"column":26}},"10":{"start":{"line":50,"column":0},"end":{"line":50,"column":27}}},"fnMap":{"0":{"name":"(anonymous_6)","decl":{"start":{"line":13,"column":49},"end":{"line":13,"column":50}},"loc":{"start":{"line":18,"column":5},"end":{"line":48,"column":1}}},"1":{"name":"(anonymous_7)","decl":{"start":{"line":29,"column":17},"end":{"line":29,"column":20}},"loc":{"start":{"line":29,"column":22},"end":{"line":31,"column":9}}},"2":{"name":"(anonymous_8)","decl":{"start":{"line":41,"column":22},"end":{"line":41,"column":23}},"loc":{"start":{"line":41,"column":29},"end":{"line":41,"column":40}}},"3":{"name":"(anonymous_9)","decl":{"start":{"line":42,"column":25},"end":{"line":42,"column":28}},"loc":{"start":{"line":42,"column":30},"end":{"line":44,"column":9}}}},"branchMap":{"0":{"loc":{"start":{"line":19,"column":37},"end":{"line":19,"column":55}},"type":"cond-expr","locations":[{"start":{"line":19,"column":37},"end":{"line":19,"column":49}},{"start":{"line":19,"column":53},"end":{"line":19,"column":55}}]},"1":{"loc":{"start":{"line":19,"column":37},"end":{"line":19,"column":53}},"type":"binary-expr","locations":[{"start":{"line":19,"column":37},"end":{"line":19,"column":53}},{"start":{"line":19,"column":37},"end":{"line":19,"column":53}}]}},"s":{"0":2,"1":2,"2":2,"3":2,"4":2,"5":10,"6":10,"7":1,"8":4,"9":3,"10":2},"f":{"0":10,"1":1,"2":4,"3":3},"b":{"0":[1,9],"1":[10,10]}}
,"E:\\projects\\git\\map-nfc\\components\\StyledText.tsx": {"path":"E:\\projects\\git\\map-nfc\\components\\StyledText.tsx","statementMap":{"0":{"start":{"line":4,"column":0},"end":{"line":4,"column":16}},"1":{"start":{"line":1,"column":0},"end":{"line":1,"column":26}},"2":{"start":{"line":2,"column":0},"end":{"line":2,"column":47}},"3":{"start":{"line":5,"column":2},"end":{"line":5,"column":80}}},"fnMap":{"0":{"name":"MonoText","decl":{"start":{"line":4,"column":16},"end":{"line":4,"column":24}},"loc":{"start":{"line":4,"column":51},"end":{"line":6,"column":1}}}},"branchMap":{},"s":{"0":0,"1":0,"2":0,"3":0},"f":{"0":0},"b":{}}
,"E:\\projects\\git\\map-nfc\\components\\Map\\index.tsx": {"path":"E:\\projects\\git\\map-nfc\\components\\Map\\index.tsx","statementMap":{"0":{"start":{"line":1,"column":0},"end":{"line":1,"column":62}},"1":{"start":{"line":2,"column":0},"end":{"line":2,"column":69}},"2":{"start":{"line":3,"column":0},"end":{"line":3,"column":64}},"3":{"start":{"line":4,"column":0},"end":{"line":4,"column":68}},"4":{"start":{"line":5,"column":0},"end":{"line":5,"column":48}},"5":{"start":{"line":6,"column":0},"end":{"line":6,"column":54}},"6":{"start":{"line":7,"column":0},"end":{"line":7,"column":52}},"7":{"start":{"line":8,"column":0},"end":{"line":8,"column":42}},"8":{"start":{"line":9,"column":0},"end":{"line":9,"column":38}},"9":{"start":{"line":12,"column":17},"end":{"line":12,"column":38}},"10":{"start":{"line":20,"column":6},"end":{"line":20,"column":30}},"11":{"start":{"line":21,"column":27},"end":{"line":21,"column":49}},"12":{"start":{"line":22,"column":17},"end":{"line":29,"column":null}},"13":{"start":{"line":23,"column":11},"end":{"line":28,"column":6}},"14":{"start":{"line":31,"column":36},"end":{"line":31,"column":52}},"15":{"start":{"line":33,"column":30},"end":{"line":35,"column":null}},"16":{"start":{"line":34,"column":10},"end":{"line":34,"column":null}},"17":{"start":{"line":38,"column":36},"end":{"line":38,"column":51}},"18":{"start":{"line":39,"column":50},"end":{"line":39,"column":65}},"19":{"start":{"line":41,"column":2},"end":{"line":56,"column":21}},"20":{"start":{"line":42,"column":4},"end":{"line":55,"column":5}},"21":{"start":{"line":43,"column":6},"end":{"line":43,"column":21}},"22":{"start":{"line":44,"column":6},"end":{"line":54,"column":11}},"23":{"start":{"line":49,"column":10},"end":{"line":49,"column":43}},"24":{"start":{"line":50,"column":10},"end":{"line":50,"column":40}},"25":{"start":{"line":53,"column":10},"end":{"line":53,"column":29}},"26":{"start":{"line":58,"column":25},"end":{"line":64,"column":null}},"27":{"start":{"line":60,"column":6},"end":{"line":63,"column":15}},"28":{"start":{"line":60,"column":43},"end":{"line":63,"column":8}},"29":{"start":{"line":67,"column":23},"end":{"line":86,"column":41}},"30":{"start":{"line":68,"column":4},"end":{"line":68,"column":63}},"31":{"start":{"line":68,"column":54},"end":{"line":68,"column":63}},"32":{"start":{"line":70,"column":26},"end":{"line":70,"column":34}},"33":{"start":{"line":71,"column":23},"end":{"line":71,"column":24}},"34":{"start":{"line":73,"column":4},"end":{"line":83,"column":7}},"35":{"start":{"line":74,"column":23},"end":{"line":76,"column":null}},"36":{"start":{"line":79,"column":6},"end":{"line":82,"column":7}},"37":{"start":{"line":80,"column":8},"end":{"line":80,"column":35}},"38":{"start":{"line":81,"column":8},"end":{"line":81,"column":29}},"39":{"start":{"line":85,"column":4},"end":{"line":85,"column":24}},"40":{"start":{"line":88,"column":30},"end":{"line":88,"column":71}},"41":{"start":{"line":89,"column":31},"end":{"line":89,"column":65}},"42":{"start":{"line":91,"column":2},"end":{"line":100,"column":21}},"43":{"start":{"line":92,"column":4},"end":{"line":99,"column":5}},"44":{"start":{"line":93,"column":6},"end":{"line":97,"column":10}},"45":{"start":{"line":93,"column":35},"end":{"line":96,"column":null}},"46":{"start":{"line":98,"column":6},"end":{"line":98,"column":32}},"47":{"start":{"line":102,"column":2},"end":{"line":140,"column":42}},"48":{"start":{"line":103,"column":4},"end":{"line":139,"column":5}},"49":{"start":{"line":105,"column":6},"end":{"line":124,"column":7}},"50":{"start":{"line":107,"column":10},"end":{"line":107,"column":63}},"51":{"start":{"line":108,"column":28},"end":{"line":108,"column":53}},"52":{"start":{"line":109,"column":8},"end":{"line":114,"column":26}},"53":{"start":{"line":116,"column":27},"end":{"line":116,"column":51}},"54":{"start":{"line":117,"column":28},"end":{"line":117,"column":52}},"55":{"start":{"line":118,"column":8},"end":{"line":123,"column":26}},"56":{"start":{"line":126,"column":6},"end":{"line":138,"column":8}},"57":{"start":{"line":142,"column":2},"end":{"line":173,"column":4}},"58":{"start":{"line":176,"column":0},"end":{"line":176,"column":40}}},"fnMap":{"0":{"name":"MapComponent","decl":{"start":{"line":11,"column":9},"end":{"line":11,"column":21}},"loc":{"start":{"line":11,"column":21},"end":{"line":174,"column":1}}},"1":{"name":"(anonymous_8)","decl":{"start":{"line":23,"column":4},"end":{"line":23,"column":7}},"loc":{"start":{"line":23,"column":11},"end":{"line":28,"column":6}}},"2":{"name":"(anonymous_9)","decl":{"start":{"line":34,"column":4},"end":{"line":34,"column":7}},"loc":{"start":{"line":34,"column":9},"end":{"line":34,"column":null}}},"3":{"name":"(anonymous_10)","decl":{"start":{"line":41,"column":12},"end":{"line":41,"column":15}},"loc":{"start":{"line":41,"column":17},"end":{"line":56,"column":3}}},"4":{"name":"(anonymous_11)","decl":{"start":{"line":48,"column":14},"end":{"line":48,"column":15}},"loc":{"start":{"line":48,"column":22},"end":{"line":51,"column":9}}},"5":{"name":"(anonymous_12)","decl":{"start":{"line":52,"column":17},"end":{"line":52,"column":20}},"loc":{"start":{"line":52,"column":22},"end":{"line":54,"column":9}}},"6":{"name":"(anonymous_13)","decl":{"start":{"line":59,"column":4},"end":{"line":59,"column":7}},"loc":{"start":{"line":60,"column":6},"end":{"line":63,"column":15}}},"7":{"name":"(anonymous_14)","decl":{"start":{"line":60,"column":31},"end":{"line":60,"column":32}},"loc":{"start":{"line":60,"column":43},"end":{"line":63,"column":8}}},"8":{"name":"(anonymous_15)","decl":{"start":{"line":67,"column":31},"end":{"line":67,"column":34}},"loc":{"start":{"line":67,"column":36},"end":{"line":86,"column":3}}},"9":{"name":"(anonymous_16)","decl":{"start":{"line":73,"column":32},"end":{"line":73,"column":33}},"loc":{"start":{"line":73,"column":49},"end":{"line":83,"column":5}}},"10":{"name":"(anonymous_17)","decl":{"start":{"line":91,"column":12},"end":{"line":91,"column":15}},"loc":{"start":{"line":91,"column":17},"end":{"line":100,"column":3}}},"11":{"name":"(anonymous_18)","decl":{"start":{"line":93,"column":19},"end":{"line":93,"column":20}},"loc":{"start":{"line":93,"column":35},"end":{"line":96,"column":null}}},"12":{"name":"(anonymous_19)","decl":{"start":{"line":102,"column":12},"end":{"line":102,"column":15}},"loc":{"start":{"line":102,"column":17},"end":{"line":140,"column":3}}}},"branchMap":{"0":{"loc":{"start":{"line":24,"column":16},"end":{"line":24,"column":43}},"type":"binary-expr","locations":[{"start":{"line":24,"column":16},"end":{"line":24,"column":38}},{"start":{"line":24,"column":42},"end":{"line":24,"column":43}}]},"1":{"loc":{"start":{"line":24,"column":16},"end":{"line":24,"column":38}},"type":"cond-expr","locations":[{"start":{"line":24,"column":28},"end":{"line":24,"column":30}},{"start":{"line":24,"column":16},"end":{"line":24,"column":38}}]},"2":{"loc":{"start":{"line":24,"column":16},"end":{"line":24,"column":30}},"type":"binary-expr","locations":[{"start":{"line":24,"column":16},"end":{"line":24,"column":30}},{"start":{"line":24,"column":16},"end":{"line":24,"column":30}}]},"3":{"loc":{"start":{"line":25,"column":17},"end":{"line":25,"column":45}},"type":"binary-expr","locations":[{"start":{"line":25,"column":17},"end":{"line":25,"column":40}},{"start":{"line":25,"column":44},"end":{"line":25,"column":45}}]},"4":{"loc":{"start":{"line":25,"column":17},"end":{"line":25,"column":40}},"type":"cond-expr","locations":[{"start":{"line":25,"column":29},"end":{"line":25,"column":31}},{"start":{"line":25,"column":17},"end":{"line":25,"column":40}}]},"5":{"loc":{"start":{"line":25,"column":17},"end":{"line":25,"column":31}},"type":"binary-expr","locations":[{"start":{"line":25,"column":17},"end":{"line":25,"column":31}},{"start":{"line":25,"column":17},"end":{"line":25,"column":31}}]},"6":{"loc":{"start":{"line":34,"column":10},"end":{"line":34,"column":51}},"type":"binary-expr","locations":[{"start":{"line":34,"column":10},"end":{"line":34,"column":45}},{"start":{"line":34,"column":49},"end":{"line":34,"column":51}}]},"7":{"loc":{"start":{"line":34,"column":10},"end":{"line":34,"column":45}},"type":"cond-expr","locations":[{"start":{"line":34,"column":37},"end":{"line":34,"column":39}},{"start":{"line":34,"column":37},"end":{"line":34,"column":45}}]},"8":{"loc":{"start":{"line":34,"column":10},"end":{"line":34,"column":39}},"type":"binary-expr","locations":[{"start":{"line":34,"column":10},"end":{"line":34,"column":39}},{"start":{"line":34,"column":37},"end":{"line":34,"column":39}}]},"9":{"loc":{"start":{"line":34,"column":10},"end":{"line":34,"column":37}},"type":"cond-expr","locations":[{"start":{"line":34,"column":25},"end":{"line":34,"column":28}},{"start":{"line":34,"column":10},"end":{"line":34,"column":37}}]},"10":{"loc":{"start":{"line":34,"column":10},"end":{"line":34,"column":28}},"type":"binary-expr","locations":[{"start":{"line":34,"column":10},"end":{"line":34,"column":28}},{"start":{"line":34,"column":10},"end":{"line":34,"column":28}}]},"11":{"loc":{"start":{"line":42,"column":4},"end":{"line":55,"column":5}},"type":"if","locations":[{"start":{"line":42,"column":4},"end":{"line":55,"column":5}}]},"12":{"loc":{"start":{"line":42,"column":8},"end":{"line":42,"column":71}},"type":"binary-expr","locations":[{"start":{"line":42,"column":8},"end":{"line":42,"column":30}},{"start":{"line":42,"column":34},"end":{"line":42,"column":57}},{"start":{"line":42,"column":61},"end":{"line":42,"column":71}}]},"13":{"loc":{"start":{"line":42,"column":8},"end":{"line":42,"column":30}},"type":"cond-expr","locations":[{"start":{"line":42,"column":20},"end":{"line":42,"column":22}},{"start":{"line":42,"column":8},"end":{"line":42,"column":30}}]},"14":{"loc":{"start":{"line":42,"column":8},"end":{"line":42,"column":22}},"type":"binary-expr","locations":[{"start":{"line":42,"column":8},"end":{"line":42,"column":22}},{"start":{"line":42,"column":8},"end":{"line":42,"column":22}}]},"15":{"loc":{"start":{"line":42,"column":34},"end":{"line":42,"column":57}},"type":"cond-expr","locations":[{"start":{"line":42,"column":46},"end":{"line":42,"column":48}},{"start":{"line":42,"column":34},"end":{"line":42,"column":57}}]},"16":{"loc":{"start":{"line":42,"column":34},"end":{"line":42,"column":48}},"type":"binary-expr","locations":[{"start":{"line":42,"column":34},"end":{"line":42,"column":48}},{"start":{"line":42,"column":34},"end":{"line":42,"column":48}}]},"17":{"loc":{"start":{"line":45,"column":13},"end":{"line":45,"column":35}},"type":"cond-expr","locations":[{"start":{"line":45,"column":25},"end":{"line":45,"column":27}},{"start":{"line":45,"column":13},"end":{"line":45,"column":35}}]},"18":{"loc":{"start":{"line":45,"column":13},"end":{"line":45,"column":27}},"type":"binary-expr","locations":[{"start":{"line":45,"column":13},"end":{"line":45,"column":27}},{"start":{"line":45,"column":13},"end":{"line":45,"column":27}}]},"19":{"loc":{"start":{"line":46,"column":13},"end":{"line":46,"column":36}},"type":"cond-expr","locations":[{"start":{"line":46,"column":25},"end":{"line":46,"column":27}},{"start":{"line":46,"column":13},"end":{"line":46,"column":36}}]},"20":{"loc":{"start":{"line":46,"column":13},"end":{"line":46,"column":27}},"type":"binary-expr","locations":[{"start":{"line":46,"column":13},"end":{"line":46,"column":27}},{"start":{"line":46,"column":13},"end":{"line":46,"column":27}}]},"21":{"loc":{"start":{"line":49,"column":32},"end":{"line":49,"column":41}},"type":"cond-expr","locations":[{"start":{"line":49,"column":32},"end":{"line":49,"column":35}},{"start":{"line":49,"column":39},"end":{"line":49,"column":41}}]},"22":{"loc":{"start":{"line":49,"column":32},"end":{"line":49,"column":39}},"type":"binary-expr","locations":[{"start":{"line":49,"column":32},"end":{"line":49,"column":39}},{"start":{"line":49,"column":32},"end":{"line":49,"column":39}}]},"23":{"loc":{"start":{"line":50,"column":29},"end":{"line":50,"column":38}},"type":"cond-expr","locations":[{"start":{"line":50,"column":29},"end":{"line":50,"column":32}},{"start":{"line":50,"column":36},"end":{"line":50,"column":38}}]},"24":{"loc":{"start":{"line":50,"column":29},"end":{"line":50,"column":36}},"type":"binary-expr","locations":[{"start":{"line":50,"column":29},"end":{"line":50,"column":36}},{"start":{"line":50,"column":29},"end":{"line":50,"column":36}}]},"25":{"loc":{"start":{"line":60,"column":6},"end":{"line":63,"column":15}},"type":"binary-expr","locations":[{"start":{"line":60,"column":6},"end":{"line":63,"column":9}},{"start":{"line":63,"column":13},"end":{"line":63,"column":15}}]},"26":{"loc":{"start":{"line":60,"column":6},"end":{"line":63,"column":9}},"type":"cond-expr","locations":[{"start":{"line":60,"column":25},"end":{"line":60,"column":27}},{"start":{"line":60,"column":6},"end":{"line":63,"column":9}}]},"27":{"loc":{"start":{"line":60,"column":6},"end":{"line":60,"column":27}},"type":"binary-expr","locations":[{"start":{"line":60,"column":6},"end":{"line":60,"column":27}},{"start":{"line":60,"column":6},"end":{"line":60,"column":27}}]},"28":{"loc":{"start":{"line":68,"column":4},"end":{"line":68,"column":63}},"type":"if","locations":[{"start":{"line":68,"column":4},"end":{"line":68,"column":63}}]},"29":{"loc":{"start":{"line":68,"column":8},"end":{"line":68,"column":52}},"type":"binary-expr","locations":[{"start":{"line":68,"column":8},"end":{"line":68,"column":21}},{"start":{"line":68,"column":25},"end":{"line":68,"column":52}}]},"30":{"loc":{"start":{"line":79,"column":6},"end":{"line":82,"column":7}},"type":"if","locations":[{"start":{"line":79,"column":6},"end":{"line":82,"column":7}}]},"31":{"loc":{"start":{"line":92,"column":4},"end":{"line":99,"column":5}},"type":"if","locations":[{"start":{"line":92,"column":4},"end":{"line":99,"column":5}}]},"32":{"loc":{"start":{"line":92,"column":8},"end":{"line":92,"column":41}},"type":"binary-expr","locations":[{"start":{"line":92,"column":8},"end":{"line":92,"column":20}},{"start":{"line":92,"column":24},"end":{"line":92,"column":41}}]},"33":{"loc":{"start":{"line":103,"column":4},"end":{"line":139,"column":5}},"type":"if","locations":[{"start":{"line":103,"column":4},"end":{"line":139,"column":5}}]},"34":{"loc":{"start":{"line":103,"column":8},"end":{"line":103,"column":52}},"type":"binary-expr","locations":[{"start":{"line":103,"column":8},"end":{"line":103,"column":22}},{"start":{"line":103,"column":26},"end":{"line":103,"column":52}}]},"35":{"loc":{"start":{"line":105,"column":6},"end":{"line":124,"column":7}},"type":"if","locations":[{"start":{"line":105,"column":6},"end":{"line":124,"column":7}},{"start":{"line":115,"column":13},"end":{"line":124,"column":7}}]},"36":{"loc":{"start":{"line":107,"column":10},"end":{"line":107,"column":63}},"type":"cond-expr","locations":[{"start":{"line":107,"column":29},"end":{"line":107,"column":32}},{"start":{"line":107,"column":10},"end":{"line":107,"column":63}}]},"37":{"loc":{"start":{"line":107,"column":10},"end":{"line":107,"column":32}},"type":"binary-expr","locations":[{"start":{"line":107,"column":10},"end":{"line":107,"column":32}},{"start":{"line":107,"column":10},"end":{"line":107,"column":32}}]},"38":{"loc":{"start":{"line":108,"column":28},"end":{"line":108,"column":53}},"type":"cond-expr","locations":[{"start":{"line":108,"column":48},"end":{"line":108,"column":51}},{"start":{"line":108,"column":28},"end":{"line":108,"column":53}}]},"39":{"loc":{"start":{"line":108,"column":28},"end":{"line":108,"column":51}},"type":"binary-expr","locations":[{"start":{"line":108,"column":28},"end":{"line":108,"column":51}},{"start":{"line":108,"column":28},"end":{"line":108,"column":51}}]},"40":{"loc":{"start":{"line":116,"column":27},"end":{"line":116,"column":51}},"type":"cond-expr","locations":[{"start":{"line":116,"column":46},"end":{"line":116,"column":49}},{"start":{"line":116,"column":27},"end":{"line":116,"column":51}}]},"41":{"loc":{"start":{"line":116,"column":27},"end":{"line":116,"column":49}},"type":"binary-expr","locations":[{"start":{"line":116,"column":27},"end":{"line":116,"column":49}},{"start":{"line":116,"column":27},"end":{"line":116,"column":49}}]},"42":{"loc":{"start":{"line":117,"column":28},"end":{"line":117,"column":52}},"type":"cond-expr","locations":[{"start":{"line":117,"column":47},"end":{"line":117,"column":50}},{"start":{"line":117,"column":28},"end":{"line":117,"column":52}}]},"43":{"loc":{"start":{"line":117,"column":28},"end":{"line":117,"column":50}},"type":"binary-expr","locations":[{"start":{"line":117,"column":28},"end":{"line":117,"column":50}},{"start":{"line":117,"column":28},"end":{"line":117,"column":50}}]},"44":{"loc":{"start":{"line":126,"column":6},"end":{"line":137,"column":null}},"type":"cond-expr","locations":[{"start":{"line":126,"column":12},"end":{"line":126,"column":14}},{"start":{"line":126,"column":6},"end":{"line":137,"column":null}}]},"45":{"loc":{"start":{"line":126,"column":6},"end":{"line":126,"column":14}},"type":"binary-expr","locations":[{"start":{"line":126,"column":6},"end":{"line":126,"column":14}},{"start":{"line":126,"column":6},"end":{"line":126,"column":14}}]}},"s":{"0":1,"1":1,"2":1,"3":1,"4":1,"5":1,"6":1,"7":1,"8":1,"9":10,"10":9,"11":9,"12":9,"13":3,"14":9,"15":9,"16":3,"17":9,"18":9,"19":9,"20":3,"21":3,"22":3,"23":3,"24":3,"25":3,"26":9,"27":3,"28":0,"29":9,"30":3,"31":3,"32":0,"33":0,"34":0,"35":0,"36":0,"37":0,"38":0,"39":0,"40":9,"41":9,"42":9,"43":3,"44":3,"45":3,"46":3,"47":9,"48":3,"49":0,"50":0,"51":0,"52":0,"53":0,"54":0,"55":0,"56":0,"57":9,"58":1},"f":{"0":10,"1":3,"2":3,"3":3,"4":3,"5":3,"6":3,"7":0,"8":3,"9":0,"10":3,"11":3,"12":3},"b":{"0":[3,0],"1":[0,3],"2":[3,3],"3":[3,0],"4":[0,3],"5":[3,3],"6":[3,3],"7":[3,0],"8":[3,3],"9":[0,3],"10":[3,3],"11":[3],"12":[3,3,3],"13":[0,3],"14":[3,3],"15":[0,3],"16":[3,3],"17":[0,3],"18":[3,3],"19":[0,3],"20":[3,3],"21":[3,0],"22":[3,3],"23":[3,0],"24":[3,3],"25":[3,0],"26":[0,3],"27":[3,3],"28":[3],"29":[3,3],"30":[0],"31":[3],"32":[3,3],"33":[0],"34":[3,3],"35":[0,0],"36":[0,0],"37":[0,0],"38":[0,0],"39":[0,0],"40":[0,0],"41":[0,0],"42":[0,0],"43":[0,0],"44":[0,0],"45":[0,0]}}
,"E:\\projects\\git\\map-nfc\\store\\recommendations.ts": {"path":"E:\\projects\\git\\map-nfc\\store\\recommendations.ts","statementMap":{"0":{"start":{"line":1,"column":0},"end":{"line":1,"column":33}},"1":{"start":{"line":2,"column":0},"end":{"line":2,"column":74}},"2":{"start":{"line":3,"column":0},"end":{"line":3,"column":69}},"3":{"start":{"line":5,"column":0},"end":{"line":5,"column":77}},"4":{"start":{"line":17,"column":13},"end":{"line":42,"column":2}},"5":{"start":{"line":20,"column":16},"end":{"line":35,"column":8}},"6":{"start":{"line":22,"column":35},"end":{"line":22,"column":70}},"7":{"start":{"line":22,"column":46},"end":{"line":22,"column":68}},"8":{"start":{"line":25,"column":10},"end":{"line":25,"column":58}},"9":{"start":{"line":25,"column":21},"end":{"line":25,"column":56}},"10":{"start":{"line":28,"column":10},"end":{"line":28,"column":45}},"11":{"start":{"line":28,"column":21},"end":{"line":28,"column":43}},"12":{"start":{"line":30,"column":10},"end":{"line":34,"column":13}},"13":{"start":{"line":30,"column":21},"end":{"line":34,"column":12}},"14":{"start":{"line":38,"column":41},"end":{"line":38,"column":53}}},"fnMap":{"0":{"name":"(anonymous_1)","decl":{"start":{"line":20,"column":6},"end":{"line":20,"column":7}},"loc":{"start":{"line":20,"column":16},"end":{"line":35,"column":8}}},"1":{"name":"(anonymous_2)","decl":{"start":{"line":22,"column":21},"end":{"line":22,"column":22}},"loc":{"start":{"line":22,"column":35},"end":{"line":22,"column":70}}},"2":{"name":"(anonymous_3)","decl":{"start":{"line":22,"column":39},"end":{"line":22,"column":42}},"loc":{"start":{"line":22,"column":46},"end":{"line":22,"column":68}}},"3":{"name":"(anonymous_4)","decl":{"start":{"line":24,"column":28},"end":{"line":24,"column":29}},"loc":{"start":{"line":25,"column":10},"end":{"line":25,"column":58}}},"4":{"name":"(anonymous_5)","decl":{"start":{"line":25,"column":14},"end":{"line":25,"column":17}},"loc":{"start":{"line":25,"column":21},"end":{"line":25,"column":56}}},"5":{"name":"(anonymous_6)","decl":{"start":{"line":27,"column":31},"end":{"line":27,"column":32}},"loc":{"start":{"line":28,"column":10},"end":{"line":28,"column":45}}},"6":{"name":"(anonymous_7)","decl":{"start":{"line":28,"column":14},"end":{"line":28,"column":17}},"loc":{"start":{"line":28,"column":21},"end":{"line":28,"column":43}}},"7":{"name":"(anonymous_8)","decl":{"start":{"line":29,"column":15},"end":{"line":29,"column":18}},"loc":{"start":{"line":30,"column":10},"end":{"line":34,"column":13}}},"8":{"name":"(anonymous_9)","decl":{"start":{"line":30,"column":14},"end":{"line":30,"column":17}},"loc":{"start":{"line":30,"column":21},"end":{"line":34,"column":12}}},"9":{"name":"(anonymous_10)","decl":{"start":{"line":38,"column":35},"end":{"line":38,"column":38}},"loc":{"start":{"line":38,"column":41},"end":{"line":38,"column":53}}}},"branchMap":{},"s":{"0":1,"1":1,"2":1,"3":1,"4":1,"5":1,"6":0,"7":0,"8":0,"9":0,"10":0,"11":0,"12":0,"13":0,"14":1},"f":{"0":1,"1":0,"2":0,"3":0,"4":0,"5":0,"6":0,"7":0,"8":0,"9":1},"b":{}}
,"E:\\projects\\git\\map-nfc\\store\\userLocation.ts": {"path":"E:\\projects\\git\\map-nfc\\store\\userLocation.ts","statementMap":{"0":{"start":{"line":1,"column":0},"end":{"line":1,"column":69}},"1":{"start":{"line":2,"column":0},"end":{"line":2,"column":33}},"2":{"start":{"line":3,"column":0},"end":{"line":3,"column":74}},"3":{"start":{"line":15,"column":13},"end":{"line":28,"column":2}},"4":{"start":{"line":18,"column":16},"end":{"line":21,"column":8}},"5":{"start":{"line":20,"column":43},"end":{"line":20,"column":72}},"6":{"start":{"line":20,"column":54},"end":{"line":20,"column":70}},"7":{"start":{"line":24,"column":41},"end":{"line":24,"column":53}}},"fnMap":{"0":{"name":"(anonymous_1)","decl":{"start":{"line":18,"column":6},"end":{"line":18,"column":7}},"loc":{"start":{"line":18,"column":16},"end":{"line":21,"column":8}}},"1":{"name":"(anonymous_2)","decl":{"start":{"line":20,"column":25},"end":{"line":20,"column":26}},"loc":{"start":{"line":20,"column":43},"end":{"line":20,"column":72}}},"2":{"name":"(anonymous_3)","decl":{"start":{"line":20,"column":47},"end":{"line":20,"column":50}},"loc":{"start":{"line":20,"column":54},"end":{"line":20,"column":70}}},"3":{"name":"(anonymous_4)","decl":{"start":{"line":24,"column":35},"end":{"line":24,"column":38}},"loc":{"start":{"line":24,"column":41},"end":{"line":24,"column":53}}}},"branchMap":{},"s":{"0":0,"1":0,"2":0,"3":0,"4":0,"5":0,"6":0,"7":0},"f":{"0":0,"1":0,"2":0,"3":0},"b":{}}
}
