{"E:\\projects\\git\\map-nfc\\components\\Map\\OriginMarker.tsx": {"path":"E:\\projects\\git\\map-nfc\\components\\Map\\OriginMarker.tsx","statementMap":{"0":{"start":{"line":1,"column":0},"end":{"line":1,"column":39}},"1":{"start":{"line":2,"column":0},"end":{"line":2,"column":43}},"2":{"start":{"line":3,"column":20},"end":{"line":3,"column":61}},"3":{"start":{"line":12,"column":39},"end":{"line":23,"column":1}},"4":{"start":{"line":13,"column":17},"end":{"line":13,"column":79}},"5":{"start":{"line":13,"column":31},"end":{"line":13,"column":55}},"6":{"start":{"line":15,"column":2},"end":{"line":22,"column":4}},"7":{"start":{"line":25,"column":0},"end":{"line":25,"column":40}}},"fnMap":{"0":{"name":"(anonymous_6)","decl":{"start":{"line":12,"column":39},"end":{"line":12,"column":40}},"loc":{"start":{"line":12,"column":67},"end":{"line":23,"column":1}}},"1":{"name":"(anonymous_7)","decl":{"start":{"line":13,"column":25},"end":{"line":13,"column":28}},"loc":{"start":{"line":13,"column":31},"end":{"line":13,"column":55}}}},"branchMap":{"0":{"loc":{"start":{"line":13,"column":31},"end":{"line":13,"column":55}},"type":"cond-expr","locations":[{"start":{"line":13,"column":50},"end":{"line":13,"column":53}},{"start":{"line":13,"column":31},"end":{"line":13,"column":55}}]},"1":{"loc":{"start":{"line":13,"column":31},"end":{"line":13,"column":53}},"type":"binary-expr","locations":[{"start":{"line":13,"column":31},"end":{"line":13,"column":53}},{"start":{"line":13,"column":31},"end":{"line":13,"column":53}}]},"2":{"loc":{"start":{"line":17,"column":30},"end":{"line":17,"column":46}},"type":"cond-expr","locations":[{"start":{"line":17,"column":41},"end":{"line":17,"column":45}},{"start":{"line":17,"column":45},"end":{"line":17,"column":46}}]},"3":{"loc":{"start":{"line":17,"column":30},"end":{"line":17,"column":45}},"type":"binary-expr","locations":[{"start":{"line":17,"column":30},"end":{"line":17,"column":45}},{"start":{"line":17,"column":41},"end":{"line":17,"column":45}}]},"4":{"loc":{"start":{"line":17,"column":30},"end":{"line":17,"column":41}},"type":"cond-expr","locations":[{"start":{"line":17,"column":36},"end":{"line":17,"column":38}},{"start":{"line":17,"column":30},"end":{"line":17,"column":41}}]},"5":{"loc":{"start":{"line":17,"column":30},"end":{"line":17,"column":38}},"type":"binary-expr","locations":[{"start":{"line":17,"column":30},"end":{"line":17,"column":38}},{"start":{"line":17,"column":30},"end":{"line":17,"column":38}}]},"6":{"loc":{"start":{"line":17,"column":59},"end":{"line":17,"column":75}},"type":"cond-expr","locations":[{"start":{"line":17,"column":70},"end":{"line":17,"column":74}},{"start":{"line":17,"column":74},"end":{"line":17,"column":75}}]},"7":{"loc":{"start":{"line":17,"column":59},"end":{"line":17,"column":74}},"type":"binary-expr","locations":[{"start":{"line":17,"column":59},"end":{"line":17,"column":74}},{"start":{"line":17,"column":70},"end":{"line":17,"column":74}}]},"8":{"loc":{"start":{"line":17,"column":59},"end":{"line":17,"column":70}},"type":"cond-expr","locations":[{"start":{"line":17,"column":65},"end":{"line":17,"column":67}},{"start":{"line":17,"column":59},"end":{"line":17,"column":70}}]},"9":{"loc":{"start":{"line":17,"column":59},"end":{"line":17,"column":67}},"type":"binary-expr","locations":[{"start":{"line":17,"column":59},"end":{"line":17,"column":67}},{"start":{"line":17,"column":59},"end":{"line":17,"column":67}}]}},"s":{"0":2,"1":2,"2":2,"3":2,"4":6,"5":6,"6":6,"7":2},"f":{"0":6,"1":6},"b":{"0":[0,6],"1":[6,6],"2":[2,4],"3":[6,6],"4":[4,2],"5":[6,6],"6":[2,4],"7":[6,6],"8":[4,2],"9":[6,6]}}
,"E:\\projects\\git\\map-nfc\\components\\Map\\UserMarker.tsx": {"path":"E:\\projects\\git\\map-nfc\\components\\Map\\UserMarker.tsx","statementMap":{"0":{"start":{"line":1,"column":0},"end":{"line":1,"column":64}},"1":{"start":{"line":2,"column":0},"end":{"line":2,"column":42}},"2":{"start":{"line":3,"column":0},"end":{"line":3,"column":64}},"3":{"start":{"line":4,"column":0},"end":{"line":4,"column":37}},"4":{"start":{"line":5,"column":0},"end":{"line":5,"column":43}},"5":{"start":{"line":6,"column":20},"end":{"line":6,"column":68}},"6":{"start":{"line":15,"column":37},"end":{"line":81,"column":1}},"7":{"start":{"line":16,"column":44},"end":{"line":16,"column":66}},"8":{"start":{"line":17,"column":54},"end":{"line":17,"column":65}},"9":{"start":{"line":19,"column":31},"end":{"line":40,"column":null}},"10":{"start":{"line":21,"column":6},"end":{"line":38,"column":7}},"11":{"start":{"line":22,"column":32},"end":{"line":25,"column":10}},"12":{"start":{"line":27,"column":8},"end":{"line":36,"column":9}},"13":{"start":{"line":29,"column":12},"end":{"line":33,"column":27}},"14":{"start":{"line":35,"column":10},"end":{"line":35,"column":45}},"15":{"start":{"line":37,"column":8},"end":{"line":37,"column":41}},"16":{"start":{"line":43,"column":2},"end":{"line":70,"column":9}},"17":{"start":{"line":45,"column":39},"end":{"line":63,"column":6}},"18":{"start":{"line":45,"column":50},"end":{"line":63,"column":6}},"19":{"start":{"line":46,"column":25},"end":{"line":46,"column":75}},"20":{"start":{"line":47,"column":6},"end":{"line":53,"column":7}},"21":{"start":{"line":48,"column":8},"end":{"line":51,"column":10}},"22":{"start":{"line":52,"column":8},"end":{"line":52,"column":15}},"23":{"start":{"line":55,"column":6},"end":{"line":62,"column":8}},"24":{"start":{"line":65,"column":4},"end":{"line":65,"column":33}},"25":{"start":{"line":67,"column":4},"end":{"line":69,"column":6}},"26":{"start":{"line":68,"column":6},"end":{"line":68,"column":36}},"27":{"start":{"line":72,"column":2},"end":{"line":80,"column":4}},"28":{"start":{"line":83,"column":0},"end":{"line":83,"column":38}}},"fnMap":{"0":{"name":"(anonymous_13)","decl":{"start":{"line":15,"column":37},"end":{"line":15,"column":38}},"loc":{"start":{"line":15,"column":65},"end":{"line":81,"column":1}}},"1":{"name":"(anonymous_14)","decl":{"start":{"line":20,"column":4},"end":{"line":20,"column":5}},"loc":{"start":{"line":20,"column":42},"end":{"line":39,"column":5}}},"2":{"name":"(anonymous_15)","decl":{"start":{"line":43,"column":12},"end":{"line":43,"column":15}},"loc":{"start":{"line":43,"column":17},"end":{"line":70,"column":3}}},"3":{"name":"(anonymous_16)","decl":{"start":{"line":45,"column":39},"end":{"line":45,"column":48}},"loc":{"start":{"line":45,"column":50},"end":{"line":63,"column":6}}},"4":{"name":"(anonymous_17)","decl":{"start":{"line":45,"column":50},"end":{"line":45,"column":null}},"loc":{"start":{"line":45,"column":50},"end":{"line":63,"column":5}}},"5":{"name":"(anonymous_18)","decl":{"start":{"line":67,"column":11},"end":{"line":67,"column":14}},"loc":{"start":{"line":67,"column":16},"end":{"line":69,"column":5}}}},"branchMap":{"0":{"loc":{"start":{"line":21,"column":6},"end":{"line":38,"column":7}},"type":"if","locations":[{"start":{"line":21,"column":6},"end":{"line":38,"column":7}}]},"1":{"loc":{"start":{"line":27,"column":8},"end":{"line":36,"column":9}},"type":"if","locations":[{"start":{"line":27,"column":8},"end":{"line":36,"column":9}}]},"2":{"loc":{"start":{"line":47,"column":6},"end":{"line":53,"column":7}},"type":"if","locations":[{"start":{"line":47,"column":6},"end":{"line":53,"column":7}}]}},"s":{"0":2,"1":2,"2":2,"3":2,"4":2,"5":2,"6":2,"7":9,"8":9,"9":9,"10":1,"11":1,"12":1,"13":1,"14":1,"15":1,"16":9,"17":8,"18":8,"19":8,"20":8,"21":1,"22":1,"23":7,"24":8,"25":8,"26":8,"27":9,"28":2},"f":{"0":9,"1":1,"2":8,"3":8,"4":8,"5":8},"b":{"0":[1],"1":[1],"2":[1]}}
,"E:\\projects\\git\\map-nfc\\store\\userLocation.ts": {"path":"E:\\projects\\git\\map-nfc\\store\\userLocation.ts","statementMap":{"0":{"start":{"line":1,"column":0},"end":{"line":1,"column":69}},"1":{"start":{"line":2,"column":0},"end":{"line":2,"column":33}},"2":{"start":{"line":3,"column":0},"end":{"line":3,"column":74}},"3":{"start":{"line":15,"column":13},"end":{"line":28,"column":2}},"4":{"start":{"line":18,"column":16},"end":{"line":21,"column":8}},"5":{"start":{"line":20,"column":43},"end":{"line":20,"column":72}},"6":{"start":{"line":20,"column":54},"end":{"line":20,"column":70}},"7":{"start":{"line":24,"column":41},"end":{"line":24,"column":53}}},"fnMap":{"0":{"name":"(anonymous_1)","decl":{"start":{"line":18,"column":6},"end":{"line":18,"column":7}},"loc":{"start":{"line":18,"column":16},"end":{"line":21,"column":8}}},"1":{"name":"(anonymous_2)","decl":{"start":{"line":20,"column":25},"end":{"line":20,"column":26}},"loc":{"start":{"line":20,"column":43},"end":{"line":20,"column":72}}},"2":{"name":"(anonymous_3)","decl":{"start":{"line":20,"column":47},"end":{"line":20,"column":50}},"loc":{"start":{"line":20,"column":54},"end":{"line":20,"column":70}}},"3":{"name":"(anonymous_4)","decl":{"start":{"line":24,"column":35},"end":{"line":24,"column":38}},"loc":{"start":{"line":24,"column":41},"end":{"line":24,"column":53}}}},"branchMap":{},"s":{"0":0,"1":0,"2":0,"3":0,"4":0,"5":0,"6":0,"7":0},"f":{"0":0,"1":0,"2":0,"3":0},"b":{}}
}
