TN:
SF:App.tsx
FN:6,App
FNF:1
FNH:0
FNDA:0,App
DA:1,0
DA:2,0
DA:3,0
DA:4,0
DA:6,0
DA:7,0
DA:15,0
LF:7
LH:0
BRF:0
BRH:0
end_of_record
TN:
SF:jest.config.js
FNF:0
FNH:0
DA:2,0
LF:1
LH:0
BRF:0
BRH:0
end_of_record
TN:
SF:api\recommendation.ts
FN:4,(anonymous_7)
FN:4,(anonymous_8)
FNF:2
FNH:0
FNDA:0,(anonymous_7)
FNDA:0,(anonymous_8)
DA:1,1
DA:4,1
DA:5,0
DA:6,0
DA:12,0
DA:14,0
LF:6
LH:2
BRF:0
BRH:0
end_of_record
TN:
SF:app\+html.tsx
FN:8,Root
FNF:1
FNH:0
FNDA:0,Root
DA:1,0
DA:2,0
DA:8,0
DA:9,0
DA:34,0
LF:5
LH:0
BRF:0
BRH:0
end_of_record
TN:
SF:app\_layout.tsx
FN:17,(anonymous_7)
FN:28,RootLayout
FN:35,(anonymous_9)
FN:39,(anonymous_10)
FN:52,RootLayoutNav
FNF:5
FNH:0
FNDA:0,(anonymous_7)
FNDA:0,RootLayout
FNDA:0,(anonymous_9)
FNDA:0,(anonymous_10)
FNDA:0,RootLayoutNav
DA:1,0
DA:2,0
DA:3,0
DA:8,0
DA:9,0
DA:10,0
DA:11,0
DA:12,0
DA:13,0
DA:15,0
DA:17,0
DA:20,0
DA:26,0
DA:28,0
DA:29,0
DA:35,0
DA:36,0
DA:39,0
DA:40,0
DA:41,0
DA:45,0
DA:46,0
DA:49,0
DA:53,0
DA:55,0
LF:25
LH:0
BRDA:36,0,0,0
BRDA:40,1,0,0
BRDA:45,2,0,0
BRDA:56,3,0,0
BRDA:56,3,1,0
BRF:5
BRH:0
end_of_record
TN:
SF:app\modal.tsx
FN:5,ModalScreen
FNF:1
FNH:0
FNDA:0,ModalScreen
DA:1,0
DA:2,0
DA:3,0
DA:5,0
DA:6,0
DA:17,0
LF:6
LH:0
BRDA:12,0,0,0
BRDA:12,0,1,0
BRF:2
BRH:0
end_of_record
TN:
SF:app\(tabs)\index.tsx
FN:5,App
FNF:1
FNH:0
FNDA:0,App
DA:1,0
DA:2,0
DA:3,0
DA:5,0
DA:6,0
DA:13,0
LF:6
LH:0
BRF:0
BRH:0
end_of_record
TN:
SF:components\EmptyState.tsx
FN:8,(anonymous_1)
FNF:1
FNH:1
FNDA:2,(anonymous_1)
DA:1,1
DA:2,1
DA:8,1
DA:9,2
DA:16,1
LF:5
LH:5
BRF:0
BRH:0
end_of_record
TN:
SF:components\Nfc.tsx
FN:10,Nfc
FN:13,readNdef
FN:31,(anonymous_17)
FN:39,(anonymous_18)
FN:42,(anonymous_19)
FNF:5
FNH:4
FNDA:8,Nfc
FNDA:2,readNdef
FNDA:4,(anonymous_17)
FNDA:4,(anonymous_18)
FNDA:0,(anonymous_19)
DA:1,1
DA:2,1
DA:3,1
DA:4,1
DA:5,1
DA:8,1
DA:11,8
DA:14,2
DA:15,2
DA:17,2
DA:19,1
DA:20,1
DA:21,1
DA:23,1
DA:26,2
DA:27,2
DA:31,8
DA:32,4
DA:40,4
DA:43,0
DA:47,8
DA:56,1
DA:64,1
LF:23
LH:22
BRDA:50,0,0,2
BRDA:50,0,1,6
BRF:2
BRH:2
end_of_record
TN:
SF:components\RouteCard.tsx
FN:15,(anonymous_1)
FNF:1
FNH:1
FNDA:4,(anonymous_1)
DA:1,1
DA:2,1
DA:3,1
DA:6,1
DA:15,1
DA:21,4
DA:48,1
LF:7
LH:7
BRDA:26,0,0,4
BRDA:26,0,1,1
BRF:2
BRH:2
end_of_record
TN:
SF:components\RoutesHeader.tsx
FN:6,(anonymous_1)
FN:14,(anonymous_2)
FN:19,(anonymous_3)
FNF:3
FNH:3
FNDA:3,(anonymous_1)
FNDA:2,(anonymous_2)
FNDA:3,(anonymous_3)
DA:1,1
DA:2,1
DA:3,1
DA:4,1
DA:6,1
DA:7,3
DA:9,3
DA:15,2
DA:16,1
DA:18,1
DA:20,3
DA:32,1
LF:12
LH:12
BRDA:15,0,0,1
BRDA:15,0,1,1
BRDA:19,1,0,0
BRDA:19,1,1,1
BRDA:19,2,0,1
BRDA:19,2,1,1
BRF:6
BRH:5
end_of_record
TN:
SF:components\SearchInput.tsx
FN:13,(anonymous_6)
FN:29,(anonymous_7)
FN:41,(anonymous_8)
FN:42,(anonymous_9)
FNF:4
FNH:4
FNDA:10,(anonymous_6)
FNDA:1,(anonymous_7)
FNDA:4,(anonymous_8)
FNDA:3,(anonymous_9)
DA:1,2
DA:2,2
DA:3,2
DA:4,2
DA:13,2
DA:19,10
DA:21,10
DA:30,1
DA:41,4
DA:43,3
DA:50,2
LF:11
LH:11
BRDA:19,0,0,1
BRDA:19,0,1,9
BRDA:19,1,0,10
BRDA:19,1,1,10
BRF:4
BRH:4
end_of_record
TN:
SF:components\StyledText.tsx
FN:4,MonoText
FNF:1
FNH:0
FNDA:0,MonoText
DA:1,0
DA:2,0
DA:4,0
DA:5,0
LF:4
LH:0
BRF:0
BRH:0
end_of_record
TN:
SF:components\Map\index.tsx
FN:11,MapComponent
FN:23,(anonymous_8)
FN:34,(anonymous_9)
FN:41,(anonymous_10)
FN:48,(anonymous_11)
FN:52,(anonymous_12)
FN:59,(anonymous_13)
FN:60,(anonymous_14)
FN:67,(anonymous_15)
FN:73,(anonymous_16)
FN:91,(anonymous_17)
FN:93,(anonymous_18)
FN:102,(anonymous_19)
FNF:13
FNH:11
FNDA:10,MapComponent
FNDA:3,(anonymous_8)
FNDA:3,(anonymous_9)
FNDA:3,(anonymous_10)
FNDA:3,(anonymous_11)
FNDA:3,(anonymous_12)
FNDA:3,(anonymous_13)
FNDA:0,(anonymous_14)
FNDA:3,(anonymous_15)
FNDA:0,(anonymous_16)
FNDA:3,(anonymous_17)
FNDA:3,(anonymous_18)
FNDA:3,(anonymous_19)
DA:1,1
DA:2,1
DA:3,1
DA:4,1
DA:5,1
DA:6,1
DA:7,1
DA:8,1
DA:9,1
DA:12,10
DA:20,9
DA:21,9
DA:22,9
DA:23,3
DA:31,9
DA:33,9
DA:34,3
DA:38,9
DA:39,9
DA:41,9
DA:42,3
DA:43,3
DA:44,3
DA:49,3
DA:50,3
DA:53,3
DA:58,9
DA:60,3
DA:67,9
DA:68,3
DA:70,0
DA:71,0
DA:73,0
DA:74,0
DA:79,0
DA:80,0
DA:81,0
DA:85,0
DA:88,9
DA:89,9
DA:91,9
DA:92,3
DA:93,3
DA:98,3
DA:102,9
DA:103,3
DA:105,0
DA:107,0
DA:108,0
DA:109,0
DA:116,0
DA:117,0
DA:118,0
DA:126,0
DA:142,9
DA:176,1
LF:56
LH:40
BRDA:24,0,0,3
BRDA:24,0,1,0
BRDA:24,1,0,0
BRDA:24,1,1,3
BRDA:24,2,0,3
BRDA:24,2,1,3
BRDA:25,3,0,3
BRDA:25,3,1,0
BRDA:25,4,0,0
BRDA:25,4,1,3
BRDA:25,5,0,3
BRDA:25,5,1,3
BRDA:34,6,0,3
BRDA:34,6,1,3
BRDA:34,7,0,3
BRDA:34,7,1,0
BRDA:34,8,0,3
BRDA:34,8,1,3
BRDA:34,9,0,0
BRDA:34,9,1,3
BRDA:34,10,0,3
BRDA:34,10,1,3
BRDA:42,11,0,3
BRDA:42,12,0,3
BRDA:42,12,1,3
BRDA:42,12,2,3
BRDA:42,13,0,0
BRDA:42,13,1,3
BRDA:42,14,0,3
BRDA:42,14,1,3
BRDA:42,15,0,0
BRDA:42,15,1,3
BRDA:42,16,0,3
BRDA:42,16,1,3
BRDA:45,17,0,0
BRDA:45,17,1,3
BRDA:45,18,0,3
BRDA:45,18,1,3
BRDA:46,19,0,0
BRDA:46,19,1,3
BRDA:46,20,0,3
BRDA:46,20,1,3
BRDA:49,21,0,3
BRDA:49,21,1,0
BRDA:49,22,0,3
BRDA:49,22,1,3
BRDA:50,23,0,3
BRDA:50,23,1,0
BRDA:50,24,0,3
BRDA:50,24,1,3
BRDA:60,25,0,3
BRDA:60,25,1,0
BRDA:60,26,0,0
BRDA:60,26,1,3
BRDA:60,27,0,3
BRDA:60,27,1,3
BRDA:68,28,0,3
BRDA:68,29,0,3
BRDA:68,29,1,3
BRDA:79,30,0,0
BRDA:92,31,0,3
BRDA:92,32,0,3
BRDA:92,32,1,3
BRDA:103,33,0,0
BRDA:103,34,0,3
BRDA:103,34,1,3
BRDA:105,35,0,0
BRDA:105,35,1,0
BRDA:107,36,0,0
BRDA:107,36,1,0
BRDA:107,37,0,0
BRDA:107,37,1,0
BRDA:108,38,0,0
BRDA:108,38,1,0
BRDA:108,39,0,0
BRDA:108,39,1,0
BRDA:116,40,0,0
BRDA:116,40,1,0
BRDA:116,41,0,0
BRDA:116,41,1,0
BRDA:117,42,0,0
BRDA:117,42,1,0
BRDA:117,43,0,0
BRDA:117,43,1,0
BRDA:126,44,0,0
BRDA:126,44,1,0
BRDA:126,45,0,0
BRDA:126,45,1,0
BRF:88
BRH:50
end_of_record
TN:
SF:store\recommendations.ts
FN:20,(anonymous_1)
FN:22,(anonymous_2)
FN:22,(anonymous_3)
FN:24,(anonymous_4)
FN:25,(anonymous_5)
FN:27,(anonymous_6)
FN:28,(anonymous_7)
FN:29,(anonymous_8)
FN:30,(anonymous_9)
FN:38,(anonymous_10)
FNF:10
FNH:2
FNDA:1,(anonymous_1)
FNDA:0,(anonymous_2)
FNDA:0,(anonymous_3)
FNDA:0,(anonymous_4)
FNDA:0,(anonymous_5)
FNDA:0,(anonymous_6)
FNDA:0,(anonymous_7)
FNDA:0,(anonymous_8)
FNDA:0,(anonymous_9)
FNDA:1,(anonymous_10)
DA:1,1
DA:2,1
DA:3,1
DA:5,1
DA:17,1
DA:20,1
DA:22,0
DA:25,0
DA:28,0
DA:30,0
DA:38,1
LF:11
LH:7
BRF:0
BRH:0
end_of_record
TN:
SF:store\userLocation.ts
FN:18,(anonymous_1)
FN:20,(anonymous_2)
FN:20,(anonymous_3)
FN:24,(anonymous_4)
FNF:4
FNH:0
FNDA:0,(anonymous_1)
FNDA:0,(anonymous_2)
FNDA:0,(anonymous_3)
FNDA:0,(anonymous_4)
DA:1,0
DA:2,0
DA:3,0
DA:15,0
DA:18,0
DA:20,0
DA:24,0
LF:7
LH:0
BRF:0
BRH:0
end_of_record
