TN:
SF:components\Map\OriginMarker.tsx
FN:12,(anonymous_6)
FN:13,(anonymous_7)
FNF:2
FNH:2
FNDA:6,(anonymous_6)
FNDA:6,(anonymous_7)
DA:1,2
DA:2,2
DA:3,2
DA:12,2
DA:13,6
DA:15,6
DA:25,2
LF:7
LH:7
BRDA:13,0,0,0
BRDA:13,0,1,6
BRDA:13,1,0,6
BRDA:13,1,1,6
BRDA:17,2,0,2
BRDA:17,2,1,4
BRDA:17,3,0,6
BRDA:17,3,1,6
BRDA:17,4,0,4
BRDA:17,4,1,2
BRDA:17,5,0,6
BRDA:17,5,1,6
BRDA:17,6,0,2
BRDA:17,6,1,4
BRDA:17,7,0,6
BRDA:17,7,1,6
BRDA:17,8,0,4
BRDA:17,8,1,2
BRDA:17,9,0,6
BRDA:17,9,1,6
BRF:20
BRH:19
end_of_record
TN:
SF:components\Map\UserMarker.tsx
FN:15,(anonymous_13)
FN:20,(anonymous_14)
FN:43,(anonymous_15)
FN:45,(anonymous_16)
FN:45,(anonymous_17)
FN:67,(anonymous_18)
FNF:6
FNH:6
FNDA:9,(anonymous_13)
FNDA:1,(anonymous_14)
FNDA:8,(anonymous_15)
FNDA:8,(anonymous_16)
FNDA:8,(anonymous_17)
FNDA:8,(anonymous_18)
DA:1,2
DA:2,2
DA:3,2
DA:4,2
DA:5,2
DA:6,2
DA:15,2
DA:16,9
DA:17,9
DA:19,9
DA:21,1
DA:22,1
DA:27,1
DA:29,1
DA:35,1
DA:37,1
DA:43,9
DA:45,8
DA:46,8
DA:47,8
DA:48,1
DA:52,1
DA:55,7
DA:65,8
DA:67,8
DA:68,8
DA:72,9
DA:83,2
LF:28
LH:28
BRDA:21,0,0,1
BRDA:27,1,0,1
BRDA:47,2,0,1
BRF:3
BRH:3
end_of_record
TN:
SF:store\userLocation.ts
FN:18,(anonymous_1)
FN:20,(anonymous_2)
FN:20,(anonymous_3)
FN:24,(anonymous_4)
FNF:4
FNH:0
FNDA:0,(anonymous_1)
FNDA:0,(anonymous_2)
FNDA:0,(anonymous_3)
FNDA:0,(anonymous_4)
DA:1,0
DA:2,0
DA:3,0
DA:15,0
DA:18,0
DA:20,0
DA:24,0
LF:7
LH:0
BRF:0
BRH:0
end_of_record
